<?xml version="1.0" encoding="UTF-8"?>
<testng-results ignored="0" total="1" passed="1" failed="0" skipped="0">
  <reporter-output>
  </reporter-output>
  <suite started-at="2024-05-29T16:48:25 IST" name="Default suite" finished-at="2024-05-29T16:51:12 IST" duration-ms="167181">
    <groups>
    </groups>
    <test started-at="2024-05-29T16:48:25 IST" name="Default test" finished-at="2024-05-29T16:51:12 IST" duration-ms="167181">
      <class name="Apartment.com.apartmentsPageObject">
        <test-method is-config="true" signature="OpenBrowser()[pri:0, instance:Apartment.com.apartmentsPageObject@51a9ad5e]" started-at="2024-05-29T16:48:25 IST" name="OpenBrowser" finished-at="2024-05-29T16:49:44 IST" duration-ms="78847" status="PASS">
          <reporter-output>
          </reporter-output>
        </test-method> <!-- OpenBrowser -->
        <test-method signature="Functions()[pri:0, instance:Apartment.com.apartmentsPageObject@51a9ad5e]" started-at="2024-05-29T16:49:44 IST" name="Functions" finished-at="2024-05-29T16:51:12 IST" duration-ms="88253" status="PASS">
          <reporter-output>
          </reporter-output>
        </test-method> <!-- Functions -->
      </class> <!-- Apartment.com.apartmentsPageObject -->
    </test> <!-- Default test -->
  </suite> <!-- Default suite -->
</testng-results>
