<?xml version="1.0" encoding="UTF-8"?>
<!-- Generated by org.testng.reporters.JUnitXMLReporter -->
<testsuite ignored="0" hostname="DESKTOP-U0SL17S" failures="0" tests="3" name="Test" time="79.443" errors="0" timestamp="2024-05-09T10:41:08 IST">
  <testcase classname="TestNg_08_05_2024.ParallelTesting" name="filpkart" time="60.72"/>
  <testcase classname="TestNg_08_05_2024.ParallelTesting" name="amazon" time="69.602"/>
  <testcase classname="TestNg_08_05_2024.Parameter" name="search" time="79.087"/>
</testsuite> <!-- Test -->
